<?xml version="1.0" encoding="UTF-8"?>
<testng-results ignored="0" total="4" passed="4" failed="0" skipped="0">
  <reporter-output>
  </reporter-output>
  <suite started-at="2026-02-16T22:32:46 IST" name="Default suite" finished-at="2026-02-16T22:33:04 IST" duration-ms="18244">
    <groups>
      <group name="cucumber">
        <method signature="AbstractTestNGCucumberTests.runScenario(io.cucumber.testng.PickleWrapper,io.cucumber.testng.FeatureWrapper)[pri:0, instance:parallel.ParallelRunTestNg@55740540]" name="runScenario" class="io.cucumber.testng.AbstractTestNGCucumberTests"/>
      </group> <!-- cucumber -->
    </groups>
    <test started-at="2026-02-16T22:32:46 IST" name="Default test" finished-at="2026-02-16T22:33:04 IST" duration-ms="18244">
      <class name="parallel.ParallelRunTestNg">
        <test-method is-config="true" signature="setUpClass(org.testng.ITestContext)[pri:0, instance:parallel.ParallelRunTestNg@55740540]" started-at="2026-02-16T22:32:46 IST" name="setUpClass" finished-at="2026-02-16T22:32:46 IST" duration-ms="487" status="PASS">
          <params>
            <param index="0">
              <value>
                <![CDATA[org.testng.TestRunner@43826ec]]>
              </value>
            </param>
          </params>
          <reporter-output>
          </reporter-output>
        </test-method> <!-- setUpClass -->
        <test-method signature="runScenario(io.cucumber.testng.PickleWrapper,io.cucumber.testng.FeatureWrapper)[pri:0, instance:parallel.ParallelRunTestNg@55740540]" started-at="2026-02-16T22:32:46 IST" name="runScenario" description="Runs Cucumber Scenarios" data-provider="scenarios" finished-at="2026-02-16T22:33:02 IST" duration-ms="15484" status="PASS">
          <params>
            <param index="0">
              <value>
                <![CDATA["Login with Invalid Creddentailse"]]>
              </value>
            </param>
            <param index="1">
              <value>
                <![CDATA["Sign Page Feature"]]>
              </value>
            </param>
          </params>
          <reporter-output>
          </reporter-output>
        </test-method> <!-- runScenario -->
        <test-method signature="runScenario(io.cucumber.testng.PickleWrapper,io.cucumber.testng.FeatureWrapper)[pri:0, instance:parallel.ParallelRunTestNg@55740540]" started-at="2026-02-16T22:32:46 IST" name="runScenario" description="Runs Cucumber Scenarios" data-provider="scenarios" finished-at="2026-02-16T22:33:00 IST" duration-ms="13988" status="PASS">
          <params>
            <param index="0">
              <value>
                <![CDATA["Gmail link"]]>
              </value>
            </param>
            <param index="1">
              <value>
                <![CDATA["Home page feature"]]>
              </value>
            </param>
          </params>
          <reporter-output>
          </reporter-output>
        </test-method> <!-- runScenario -->
        <test-method signature="runScenario(io.cucumber.testng.PickleWrapper,io.cucumber.testng.FeatureWrapper)[pri:0, instance:parallel.ParallelRunTestNg@55740540]" started-at="2026-02-16T22:32:46 IST" name="runScenario" description="Runs Cucumber Scenarios" data-provider="scenarios" finished-at="2026-02-16T22:33:02 IST" duration-ms="15484" status="PASS">
          <params>
            <param index="0">
              <value>
                <![CDATA["Login with Invalid Creddentailse"]]>
              </value>
            </param>
            <param index="1">
              <value>
                <![CDATA["Sign Page Feature"]]>
              </value>
            </param>
          </params>
          <reporter-output>
          </reporter-output>
        </test-method> <!-- runScenario -->
        <test-method signature="runScenario(io.cucumber.testng.PickleWrapper,io.cucumber.testng.FeatureWrapper)[pri:0, instance:parallel.ParallelRunTestNg@55740540]" started-at="2026-02-16T22:32:46 IST" name="runScenario" description="Runs Cucumber Scenarios" data-provider="scenarios" finished-at="2026-02-16T22:32:59 IST" duration-ms="12416" status="PASS">
          <params>
            <param index="0">
              <value>
                <![CDATA["Login page title"]]>
              </value>
            </param>
            <param index="1">
              <value>
                <![CDATA["Home page feature"]]>
              </value>
            </param>
          </params>
          <reporter-output>
          </reporter-output>
        </test-method> <!-- runScenario -->
        <test-method is-config="true" signature="tearDownClass()[pri:0, instance:parallel.ParallelRunTestNg@55740540]" started-at="2026-02-16T22:33:02 IST" name="tearDownClass" finished-at="2026-02-16T22:33:04 IST" duration-ms="2223" status="PASS">
          <reporter-output>
          </reporter-output>
        </test-method> <!-- tearDownClass -->
      </class> <!-- parallel.ParallelRunTestNg -->
    </test> <!-- Default test -->
  </suite> <!-- Default suite -->
</testng-results>
