<?xml version="1.0" encoding="UTF-8"?>
<!-- Generated by org.testng.reporters.JUnitReportReporter -->
<testsuite hostname="LAPTOP-GOAERM8S" failures="0" tests="4" name="parallel.ParallelRunTestNg" time="57.372" errors="0" timestamp="2026-02-16T22:33:04 IST" skipped="0">
  <testcase classname="parallel.ParallelRunTestNg" name="runScenario" time="15.484"/>
  <testcase classname="parallel.ParallelRunTestNg" name="runScenario" time="13.988"/>
  <testcase classname="parallel.ParallelRunTestNg" name="runScenario" time="15.484"/>
  <testcase classname="parallel.ParallelRunTestNg" name="runScenario" time="12.416"/>
</testsuite> <!-- parallel.ParallelRunTestNg -->
